<?xml version="1.0" encoding="UTF-8"?>
<testsuite xmlns:xsi="http://www.w3.org/2001/XMLSchema-instance" xsi:noNamespaceSchemaLocation="https://maven.apache.org/surefire/maven-surefire-plugin/xsd/surefire-test-report.xsd" version="3.0.2" name="com.example.google.google_hackathon.GoogleHackathonApplicationTests" time="20.75" tests="1" errors="0" skipped="0" failures="0">
  <properties>
    <property name="sun.desktop" value="windows"/>
    <property name="awt.toolkit" value="sun.awt.windows.WToolkit"/>
    <property name="file.encoding.pkg" value="sun.io"/>
    <property name="jdk.extensions.version" value="21.0.2.0"/>
    <property name="java.specification.version" value="21"/>
    <property name="sun.jnu.encoding" value="MS932"/>
    <property name="java.class.path" value="C:\googleHackathon\google_hackathon\google_hackathon_back\target\test-classes;C:\googleHackathon\google_hackathon\google_hackathon_back\target\classes;C:\Users\448928760\.m2\repository\org\springframework\boot\spring-boot-starter-actuator\3.4.5\spring-boot-starter-actuator-3.4.5.jar;C:\Users\448928760\.m2\repository\org\springframework\boot\spring-boot-actuator-autoconfigure\3.4.5\spring-boot-actuator-autoconfigure-3.4.5.jar;C:\Users\448928760\.m2\repository\org\springframework\boot\spring-boot-actuator\3.4.5\spring-boot-actuator-3.4.5.jar;C:\Users\448928760\.m2\repository\com\fasterxml\jackson\datatype\jackson-datatype-jsr310\2.18.3\jackson-datatype-jsr310-2.18.3.jar;C:\Users\448928760\.m2\repository\io\micrometer\micrometer-observation\1.14.6\micrometer-observation-1.14.6.jar;C:\Users\448928760\.m2\repository\io\micrometer\micrometer-commons\1.14.6\micrometer-commons-1.14.6.jar;C:\Users\448928760\.m2\repository\io\micrometer\micrometer-jakarta9\1.14.6\micrometer-jakarta9-1.14.6.jar;C:\Users\448928760\.m2\repository\io\micrometer\micrometer-core\1.14.6\micrometer-core-1.14.6.jar;C:\Users\448928760\.m2\repository\org\hdrhistogram\HdrHistogram\2.2.2\HdrHistogram-2.2.2.jar;C:\Users\448928760\.m2\repository\org\latencyutils\LatencyUtils\2.0.3\LatencyUtils-2.0.3.jar;C:\Users\448928760\.m2\repository\io\jsonwebtoken\jjwt-api\0.11.5\jjwt-api-0.11.5.jar;C:\Users\448928760\.m2\repository\io\jsonwebtoken\jjwt-impl\0.11.5\jjwt-impl-0.11.5.jar;C:\Users\448928760\.m2\repository\io\jsonwebtoken\jjwt-jackson\0.11.5\jjwt-jackson-0.11.5.jar;C:\Users\448928760\.m2\repository\org\springframework\boot\spring-boot-starter\3.4.5\spring-boot-starter-3.4.5.jar;C:\Users\448928760\.m2\repository\org\springframework\boot\spring-boot\3.4.5\spring-boot-3.4.5.jar;C:\Users\448928760\.m2\repository\org\springframework\boot\spring-boot-autoconfigure\3.4.5\spring-boot-autoconfigure-3.4.5.jar;C:\Users\448928760\.m2\repository\org\springframework\boot\spring-boot-starter-logging\3.4.5\spring-boot-starter-logging-3.4.5.jar;C:\Users\448928760\.m2\repository\ch\qos\logback\logback-classic\1.5.18\logback-classic-1.5.18.jar;C:\Users\448928760\.m2\repository\ch\qos\logback\logback-core\1.5.18\logback-core-1.5.18.jar;C:\Users\448928760\.m2\repository\org\apache\logging\log4j\log4j-to-slf4j\2.24.3\log4j-to-slf4j-2.24.3.jar;C:\Users\448928760\.m2\repository\org\apache\logging\log4j\log4j-api\2.24.3\log4j-api-2.24.3.jar;C:\Users\448928760\.m2\repository\org\slf4j\jul-to-slf4j\2.0.17\jul-to-slf4j-2.0.17.jar;C:\Users\448928760\.m2\repository\jakarta\annotation\jakarta.annotation-api\2.1.1\jakarta.annotation-api-2.1.1.jar;C:\Users\448928760\.m2\repository\org\springframework\spring-core\6.2.6\spring-core-6.2.6.jar;C:\Users\448928760\.m2\repository\org\springframework\spring-jcl\6.2.6\spring-jcl-6.2.6.jar;C:\Users\448928760\.m2\repository\org\yaml\snakeyaml\2.3\snakeyaml-2.3.jar;C:\Users\448928760\.m2\repository\org\springframework\boot\spring-boot-starter-web\3.4.5\spring-boot-starter-web-3.4.5.jar;C:\Users\448928760\.m2\repository\org\springframework\boot\spring-boot-starter-json\3.4.5\spring-boot-starter-json-3.4.5.jar;C:\Users\448928760\.m2\repository\com\fasterxml\jackson\datatype\jackson-datatype-jdk8\2.18.3\jackson-datatype-jdk8-2.18.3.jar;C:\Users\448928760\.m2\repository\com\fasterxml\jackson\module\jackson-module-parameter-names\2.18.3\jackson-module-parameter-names-2.18.3.jar;C:\Users\448928760\.m2\repository\org\springframework\boot\spring-boot-starter-tomcat\3.4.5\spring-boot-starter-tomcat-3.4.5.jar;C:\Users\448928760\.m2\repository\org\apache\tomcat\embed\tomcat-embed-core\10.1.40\tomcat-embed-core-10.1.40.jar;C:\Users\448928760\.m2\repository\org\apache\tomcat\embed\tomcat-embed-websocket\10.1.40\tomcat-embed-websocket-10.1.40.jar;C:\Users\448928760\.m2\repository\org\springframework\spring-web\6.2.6\spring-web-6.2.6.jar;C:\Users\448928760\.m2\repository\org\springframework\spring-webmvc\6.2.6\spring-webmvc-6.2.6.jar;C:\Users\448928760\.m2\repository\org\springframework\boot\spring-boot-starter-data-jpa\3.4.5\spring-boot-starter-data-jpa-3.4.5.jar;C:\Users\448928760\.m2\repository\org\springframework\boot\spring-boot-starter-jdbc\3.4.5\spring-boot-starter-jdbc-3.4.5.jar;C:\Users\448928760\.m2\repository\com\zaxxer\HikariCP\5.1.0\HikariCP-5.1.0.jar;C:\Users\448928760\.m2\repository\org\springframework\spring-jdbc\6.2.6\spring-jdbc-6.2.6.jar;C:\Users\448928760\.m2\repository\org\hibernate\orm\hibernate-core\6.6.13.Final\hibernate-core-6.6.13.Final.jar;C:\Users\448928760\.m2\repository\jakarta\persistence\jakarta.persistence-api\3.1.0\jakarta.persistence-api-3.1.0.jar;C:\Users\448928760\.m2\repository\jakarta\transaction\jakarta.transaction-api\2.0.1\jakarta.transaction-api-2.0.1.jar;C:\Users\448928760\.m2\repository\org\jboss\logging\jboss-logging\3.6.1.Final\jboss-logging-3.6.1.Final.jar;C:\Users\448928760\.m2\repository\org\hibernate\common\hibernate-commons-annotations\7.0.3.Final\hibernate-commons-annotations-7.0.3.Final.jar;C:\Users\448928760\.m2\repository\io\smallrye\jandex\3.2.0\jandex-3.2.0.jar;C:\Users\448928760\.m2\repository\com\fasterxml\classmate\1.7.0\classmate-1.7.0.jar;C:\Users\448928760\.m2\repository\net\bytebuddy\byte-buddy\1.15.11\byte-buddy-1.15.11.jar;C:\Users\448928760\.m2\repository\org\glassfish\jaxb\jaxb-runtime\4.0.5\jaxb-runtime-4.0.5.jar;C:\Users\448928760\.m2\repository\org\glassfish\jaxb\jaxb-core\4.0.5\jaxb-core-4.0.5.jar;C:\Users\448928760\.m2\repository\org\eclipse\angus\angus-activation\2.0.2\angus-activation-2.0.2.jar;C:\Users\448928760\.m2\repository\org\glassfish\jaxb\txw2\4.0.5\txw2-4.0.5.jar;C:\Users\448928760\.m2\repository\com\sun\istack\istack-commons-runtime\4.1.2\istack-commons-runtime-4.1.2.jar;C:\Users\448928760\.m2\repository\jakarta\inject\jakarta.inject-api\2.0.1\jakarta.inject-api-2.0.1.jar;C:\Users\448928760\.m2\repository\org\antlr\antlr4-runtime\4.13.0\antlr4-runtime-4.13.0.jar;C:\Users\448928760\.m2\repository\org\springframework\data\spring-data-jpa\3.4.5\spring-data-jpa-3.4.5.jar;C:\Users\448928760\.m2\repository\org\springframework\data\spring-data-commons\3.4.5\spring-data-commons-3.4.5.jar;C:\Users\448928760\.m2\repository\org\springframework\spring-orm\6.2.6\spring-orm-6.2.6.jar;C:\Users\448928760\.m2\repository\org\springframework\spring-tx\6.2.6\spring-tx-6.2.6.jar;C:\Users\448928760\.m2\repository\org\springframework\spring-aspects\6.2.6\spring-aspects-6.2.6.jar;C:\Users\448928760\.m2\repository\org\aspectj\aspectjweaver\1.9.24\aspectjweaver-1.9.24.jar;C:\Users\448928760\.m2\repository\com\google\cloud\sql\postgres-socket-factory\1.14.0\postgres-socket-factory-1.14.0.jar;C:\Users\448928760\.m2\repository\com\google\cloud\sql\jdbc-socket-factory-core\1.14.0\jdbc-socket-factory-core-1.14.0.jar;C:\Users\448928760\.m2\repository\com\github\jnr\jnr-unixsocket\0.38.20\jnr-unixsocket-0.38.20.jar;C:\Users\448928760\.m2\repository\com\github\jnr\jnr-ffi\2.2.14\jnr-ffi-2.2.14.jar;C:\Users\448928760\.m2\repository\com\github\jnr\jffi\1.3.11\jffi-1.3.11.jar;C:\Users\448928760\.m2\repository\com\github\jnr\jffi\1.3.11\jffi-1.3.11-native.jar;C:\Users\448928760\.m2\repository\org\ow2\asm\asm-commons\9.2\asm-commons-9.2.jar;C:\Users\448928760\.m2\repository\com\github\jnr\jnr-a64asm\1.0.0\jnr-a64asm-1.0.0.jar;C:\Users\448928760\.m2\repository\com\github\jnr\jnr-x86asm\1.0.2\jnr-x86asm-1.0.2.jar;C:\Users\448928760\.m2\repository\com\github\jnr\jnr-constants\0.10.4\jnr-constants-0.10.4.jar;C:\Users\448928760\.m2\repository\com\github\jnr\jnr-enxio\0.32.15\jnr-enxio-0.32.15.jar;C:\Users\448928760\.m2\repository\com\github\jnr\jnr-posix\3.1.17\jnr-posix-3.1.17.jar;C:\Users\448928760\.m2\repository\org\ow2\asm\asm-util\9.5\asm-util-9.5.jar;C:\Users\448928760\.m2\repository\org\ow2\asm\asm\9.5\asm-9.5.jar;C:\Users\448928760\.m2\repository\org\ow2\asm\asm-tree\9.5\asm-tree-9.5.jar;C:\Users\448928760\.m2\repository\org\ow2\asm\asm-analysis\9.5\asm-analysis-9.5.jar;C:\Users\448928760\.m2\repository\com\google\apis\google-api-services-sqladmin\v1beta4-rev20230831-2.0.0\google-api-services-sqladmin-v1beta4-rev20230831-2.0.0.jar;C:\Users\448928760\.m2\repository\com\google\oauth-client\google-oauth-client\1.34.1\google-oauth-client-1.34.1.jar;C:\Users\448928760\.m2\repository\com\google\guava\guava\32.1.2-android\guava-32.1.2-android.jar;C:\Users\448928760\.m2\repository\org\postgresql\postgresql\42.7.2\postgresql-42.7.2.jar;C:\Users\448928760\.m2\repository\org\checkerframework\checker-qual\3.42.0\checker-qual-3.42.0.jar;C:\Users\448928760\.m2\repository\org\springframework\boot\spring-boot-starter-test\3.4.5\spring-boot-starter-test-3.4.5.jar;C:\Users\448928760\.m2\repository\org\springframework\boot\spring-boot-test\3.4.5\spring-boot-test-3.4.5.jar;C:\Users\448928760\.m2\repository\org\springframework\boot\spring-boot-test-autoconfigure\3.4.5\spring-boot-test-autoconfigure-3.4.5.jar;C:\Users\448928760\.m2\repository\com\jayway\jsonpath\json-path\2.9.0\json-path-2.9.0.jar;C:\Users\448928760\.m2\repository\jakarta\xml\bind\jakarta.xml.bind-api\4.0.2\jakarta.xml.bind-api-4.0.2.jar;C:\Users\448928760\.m2\repository\jakarta\activation\jakarta.activation-api\2.1.3\jakarta.activation-api-2.1.3.jar;C:\Users\448928760\.m2\repository\net\minidev\json-smart\2.5.2\json-smart-2.5.2.jar;C:\Users\448928760\.m2\repository\net\minidev\accessors-smart\2.5.2\accessors-smart-2.5.2.jar;C:\Users\448928760\.m2\repository\org\assertj\assertj-core\3.26.3\assertj-core-3.26.3.jar;C:\Users\448928760\.m2\repository\org\awaitility\awaitility\4.2.2\awaitility-4.2.2.jar;C:\Users\448928760\.m2\repository\org\hamcrest\hamcrest\2.2\hamcrest-2.2.jar;C:\Users\448928760\.m2\repository\org\junit\jupiter\junit-jupiter\5.11.4\junit-jupiter-5.11.4.jar;C:\Users\448928760\.m2\repository\org\junit\jupiter\junit-jupiter-api\5.11.4\junit-jupiter-api-5.11.4.jar;C:\Users\448928760\.m2\repository\org\opentest4j\opentest4j\1.3.0\opentest4j-1.3.0.jar;C:\Users\448928760\.m2\repository\org\junit\platform\junit-platform-commons\1.11.4\junit-platform-commons-1.11.4.jar;C:\Users\448928760\.m2\repository\org\apiguardian\apiguardian-api\1.1.2\apiguardian-api-1.1.2.jar;C:\Users\448928760\.m2\repository\org\junit\jupiter\junit-jupiter-params\5.11.4\junit-jupiter-params-5.11.4.jar;C:\Users\448928760\.m2\repository\org\junit\jupiter\junit-jupiter-engine\5.11.4\junit-jupiter-engine-5.11.4.jar;C:\Users\448928760\.m2\repository\org\junit\platform\junit-platform-engine\1.11.4\junit-platform-engine-1.11.4.jar;C:\Users\448928760\.m2\repository\org\mockito\mockito-core\5.14.2\mockito-core-5.14.2.jar;C:\Users\448928760\.m2\repository\net\bytebuddy\byte-buddy-agent\1.15.11\byte-buddy-agent-1.15.11.jar;C:\Users\448928760\.m2\repository\org\objenesis\objenesis\3.3\objenesis-3.3.jar;C:\Users\448928760\.m2\repository\org\mockito\mockito-junit-jupiter\5.14.2\mockito-junit-jupiter-5.14.2.jar;C:\Users\448928760\.m2\repository\org\skyscreamer\jsonassert\1.5.3\jsonassert-1.5.3.jar;C:\Users\448928760\.m2\repository\com\vaadin\external\google\android-json\0.0.20131108.vaadin1\android-json-0.0.20131108.vaadin1.jar;C:\Users\448928760\.m2\repository\org\springframework\spring-test\6.2.6\spring-test-6.2.6.jar;C:\Users\448928760\.m2\repository\org\xmlunit\xmlunit-core\2.10.0\xmlunit-core-2.10.0.jar;C:\Users\448928760\.m2\repository\org\springframework\boot\spring-boot-starter-security\3.4.5\spring-boot-starter-security-3.4.5.jar;C:\Users\448928760\.m2\repository\org\springframework\spring-aop\6.2.6\spring-aop-6.2.6.jar;C:\Users\448928760\.m2\repository\org\springframework\security\spring-security-config\6.4.5\spring-security-config-6.4.5.jar;C:\Users\448928760\.m2\repository\org\springframework\security\spring-security-web\6.4.5\spring-security-web-6.4.5.jar;C:\Users\448928760\.m2\repository\org\projectlombok\lombok\1.18.38\lombok-1.18.38.jar;C:\Users\448928760\.m2\repository\org\springframework\boot\spring-boot-devtools\3.4.5\spring-boot-devtools-3.4.5.jar;C:\Users\448928760\.m2\repository\org\springframework\boot\spring-boot-starter-validation\3.4.5\spring-boot-starter-validation-3.4.5.jar;C:\Users\448928760\.m2\repository\org\apache\tomcat\embed\tomcat-embed-el\10.1.40\tomcat-embed-el-10.1.40.jar;C:\Users\448928760\.m2\repository\org\hibernate\validator\hibernate-validator\8.0.2.Final\hibernate-validator-8.0.2.Final.jar;C:\Users\448928760\.m2\repository\jakarta\validation\jakarta.validation-api\3.0.2\jakarta.validation-api-3.0.2.jar;C:\Users\448928760\.m2\repository\com\fasterxml\jackson\core\jackson-databind\2.18.3\jackson-databind-2.18.3.jar;C:\Users\448928760\.m2\repository\com\fasterxml\jackson\core\jackson-annotations\2.18.3\jackson-annotations-2.18.3.jar;C:\Users\448928760\.m2\repository\com\fasterxml\jackson\core\jackson-core\2.18.3\jackson-core-2.18.3.jar;C:\Users\448928760\.m2\repository\org\springframework\boot\spring-boot-starter-websocket\3.4.5\spring-boot-starter-websocket-3.4.5.jar;C:\Users\448928760\.m2\repository\org\springframework\spring-messaging\6.2.6\spring-messaging-6.2.6.jar;C:\Users\448928760\.m2\repository\org\springframework\spring-websocket\6.2.6\spring-websocket-6.2.6.jar;C:\Users\448928760\.m2\repository\org\springframework\security\spring-security-messaging\6.4.5\spring-security-messaging-6.4.5.jar;C:\Users\448928760\.m2\repository\org\springframework\security\spring-security-core\6.4.5\spring-security-core-6.4.5.jar;C:\Users\448928760\.m2\repository\org\springframework\security\spring-security-crypto\6.4.5\spring-security-crypto-6.4.5.jar;C:\Users\448928760\.m2\repository\org\springframework\spring-beans\6.2.6\spring-beans-6.2.6.jar;C:\Users\448928760\.m2\repository\org\springframework\spring-context\6.2.6\spring-context-6.2.6.jar;C:\Users\448928760\.m2\repository\org\springframework\spring-expression\6.2.6\spring-expression-6.2.6.jar;C:\Users\448928760\.m2\repository\com\google\cloud\google-cloud-firestore\3.16.0\google-cloud-firestore-3.16.0.jar;C:\Users\448928760\.m2\repository\com\google\cloud\google-cloud-core-grpc\2.29.0\google-cloud-core-grpc-2.29.0.jar;C:\Users\448928760\.m2\repository\com\google\http-client\google-http-client\1.43.3\google-http-client-1.43.3.jar;C:\Users\448928760\.m2\repository\org\apache\httpcomponents\httpclient\4.5.14\httpclient-4.5.14.jar;C:\Users\448928760\.m2\repository\commons-logging\commons-logging\1.2\commons-logging-1.2.jar;C:\Users\448928760\.m2\repository\commons-codec\commons-codec\1.17.2\commons-codec-1.17.2.jar;C:\Users\448928760\.m2\repository\org\apache\httpcomponents\httpcore\4.4.16\httpcore-4.4.16.jar;C:\Users\448928760\.m2\repository\io\opencensus\opencensus-contrib-http-util\0.31.1\opencensus-contrib-http-util-0.31.1.jar;C:\Users\448928760\.m2\repository\com\google\errorprone\error_prone_annotations\2.23.0\error_prone_annotations-2.23.0.jar;C:\Users\448928760\.m2\repository\com\google\api\grpc\proto-google-cloud-firestore-v1\3.16.0\proto-google-cloud-firestore-v1-3.16.0.jar;C:\Users\448928760\.m2\repository\com\google\cloud\proto-google-cloud-firestore-bundle-v1\3.16.0\proto-google-cloud-firestore-bundle-v1-3.16.0.jar;C:\Users\448928760\.m2\repository\com\google\auto\value\auto-value-annotations\1.10.4\auto-value-annotations-1.10.4.jar;C:\Users\448928760\.m2\repository\io\opencensus\opencensus-contrib-grpc-util\0.31.1\opencensus-contrib-grpc-util-0.31.1.jar;C:\Users\448928760\.m2\repository\io\grpc\grpc-core\1.60.0\grpc-core-1.60.0.jar;C:\Users\448928760\.m2\repository\com\google\android\annotations\4.1.1.4\annotations-4.1.1.4.jar;C:\Users\448928760\.m2\repository\org\codehaus\mojo\animal-sniffer-annotations\1.23\animal-sniffer-annotations-1.23.jar;C:\Users\448928760\.m2\repository\io\perfmark\perfmark-api\0.26.0\perfmark-api-0.26.0.jar;C:\Users\448928760\.m2\repository\io\grpc\grpc-util\1.60.0\grpc-util-1.60.0.jar;C:\Users\448928760\.m2\repository\com\google\code\findbugs\jsr305\3.0.2\jsr305-3.0.2.jar;C:\Users\448928760\.m2\repository\com\google\api\api-common\2.22.0\api-common-2.22.0.jar;C:\Users\448928760\.m2\repository\io\grpc\grpc-protobuf\1.60.0\grpc-protobuf-1.60.0.jar;C:\Users\448928760\.m2\repository\io\grpc\grpc-protobuf-lite\1.60.0\grpc-protobuf-lite-1.60.0.jar;C:\Users\448928760\.m2\repository\com\google\protobuf\protobuf-java\3.25.1\protobuf-java-3.25.1.jar;C:\Users\448928760\.m2\repository\com\google\api\grpc\proto-google-common-protos\2.30.0\proto-google-common-protos-2.30.0.jar;C:\Users\448928760\.m2\repository\com\google\api\gax\2.39.0\gax-2.39.0.jar;C:\Users\448928760\.m2\repository\com\google\auth\google-auth-library-oauth2-http\1.21.0\google-auth-library-oauth2-http-1.21.0.jar;C:\Users\448928760\.m2\repository\io\grpc\grpc-api\1.60.0\grpc-api-1.60.0.jar;C:\Users\448928760\.m2\repository\com\google\api\gax-grpc\2.39.0\gax-grpc-2.39.0.jar;C:\Users\448928760\.m2\repository\io\grpc\grpc-inprocess\1.60.0\grpc-inprocess-1.60.0.jar;C:\Users\448928760\.m2\repository\io\grpc\grpc-alts\1.60.0\grpc-alts-1.60.0.jar;C:\Users\448928760\.m2\repository\io\grpc\grpc-grpclb\1.60.0\grpc-grpclb-1.60.0.jar;C:\Users\448928760\.m2\repository\org\conscrypt\conscrypt-openjdk-uber\2.5.2\conscrypt-openjdk-uber-2.5.2.jar;C:\Users\448928760\.m2\repository\io\grpc\grpc-auth\1.60.0\grpc-auth-1.60.0.jar;C:\Users\448928760\.m2\repository\io\grpc\grpc-netty-shaded\1.60.0\grpc-netty-shaded-1.60.0.jar;C:\Users\448928760\.m2\repository\io\grpc\grpc-googleapis\1.60.0\grpc-googleapis-1.60.0.jar;C:\Users\448928760\.m2\repository\io\grpc\grpc-xds\1.60.0\grpc-xds-1.60.0.jar;C:\Users\448928760\.m2\repository\io\opencensus\opencensus-proto\0.2.0\opencensus-proto-0.2.0.jar;C:\Users\448928760\.m2\repository\io\grpc\grpc-services\1.60.0\grpc-services-1.60.0.jar;C:\Users\448928760\.m2\repository\com\google\re2j\re2j\1.7\re2j-1.7.jar;C:\Users\448928760\.m2\repository\com\google\api\gax-httpjson\2.39.0\gax-httpjson-2.39.0.jar;C:\Users\448928760\.m2\repository\com\google\http-client\google-http-client-gson\1.43.3\google-http-client-gson-1.43.3.jar;C:\Users\448928760\.m2\repository\com\google\guava\failureaccess\1.0.1\failureaccess-1.0.1.jar;C:\Users\448928760\.m2\repository\com\google\guava\listenablefuture\9999.0-empty-to-avoid-conflict-with-guava\listenablefuture-9999.0-empty-to-avoid-conflict-with-guava.jar;C:\Users\448928760\.m2\repository\com\google\j2objc\j2objc-annotations\2.8\j2objc-annotations-2.8.jar;C:\Users\448928760\.m2\repository\org\threeten\threetenbp\1.6.8\threetenbp-1.6.8.jar;C:\Users\448928760\.m2\repository\io\grpc\grpc-stub\1.60.0\grpc-stub-1.60.0.jar;C:\Users\448928760\.m2\repository\io\opencensus\opencensus-api\0.31.1\opencensus-api-0.31.1.jar;C:\Users\448928760\.m2\repository\io\grpc\grpc-context\1.60.0\grpc-context-1.60.0.jar;C:\Users\448928760\.m2\repository\com\google\auth\google-auth-library-credentials\1.21.0\google-auth-library-credentials-1.21.0.jar;C:\Users\448928760\.m2\repository\com\google\cloud\google-cloud-core\2.29.0\google-cloud-core-2.29.0.jar;C:\Users\448928760\.m2\repository\com\google\api\grpc\proto-google-iam-v1\1.25.0\proto-google-iam-v1-1.25.0.jar;C:\Users\448928760\.m2\repository\com\google\protobuf\protobuf-java-util\3.25.1\protobuf-java-util-3.25.1.jar;C:\Users\448928760\.m2\repository\javax\annotation\javax.annotation-api\1.3.2\javax.annotation-api-1.3.2.jar;C:\Users\448928760\.m2\repository\com\google\code\gson\gson\2.10.1\gson-2.10.1.jar;C:\Users\448928760\.m2\repository\com\google\firebase\firebase-admin\9.2.0\firebase-admin-9.2.0.jar;C:\Users\448928760\.m2\repository\com\google\api-client\google-api-client\2.2.0\google-api-client-2.2.0.jar;C:\Users\448928760\.m2\repository\com\google\http-client\google-http-client-apache-v2\1.42.3\google-http-client-apache-v2-1.42.3.jar;C:\Users\448928760\.m2\repository\com\google\api-client\google-api-client-gson\2.2.0\google-api-client-gson-2.2.0.jar;C:\Users\448928760\.m2\repository\com\google\cloud\google-cloud-storage\2.22.4\google-cloud-storage-2.22.4.jar;C:\Users\448928760\.m2\repository\com\google\http-client\google-http-client-jackson2\1.43.1\google-http-client-jackson2-1.43.1.jar;C:\Users\448928760\.m2\repository\com\google\apis\google-api-services-storage\v1-rev20230301-2.0.0\google-api-services-storage-v1-rev20230301-2.0.0.jar;C:\Users\448928760\.m2\repository\com\google\cloud\google-cloud-core-http\2.19.0\google-cloud-core-http-2.19.0.jar;C:\Users\448928760\.m2\repository\com\google\http-client\google-http-client-appengine\1.43.1\google-http-client-appengine-1.43.1.jar;C:\Users\448928760\.m2\repository\com\google\api\grpc\proto-google-cloud-storage-v2\2.22.4-alpha\proto-google-cloud-storage-v2-2.22.4-alpha.jar;C:\Users\448928760\.m2\repository\com\google\api\grpc\grpc-google-cloud-storage-v2\2.22.4-alpha\grpc-google-cloud-storage-v2-2.22.4-alpha.jar;C:\Users\448928760\.m2\repository\com\google\api\grpc\gapic-google-cloud-storage-v2\2.22.4-alpha\gapic-google-cloud-storage-v2-2.22.4-alpha.jar;C:\Users\448928760\.m2\repository\io\grpc\grpc-rls\1.55.1\grpc-rls-1.55.1.jar;C:\Users\448928760\.m2\repository\org\slf4j\slf4j-api\2.0.17\slf4j-api-2.0.17.jar;C:\Users\448928760\.m2\repository\io\netty\netty-codec-http\4.1.119.Final\netty-codec-http-4.1.119.Final.jar;C:\Users\448928760\.m2\repository\io\netty\netty-common\4.1.119.Final\netty-common-4.1.119.Final.jar;C:\Users\448928760\.m2\repository\io\netty\netty-buffer\4.1.119.Final\netty-buffer-4.1.119.Final.jar;C:\Users\448928760\.m2\repository\io\netty\netty-codec\4.1.119.Final\netty-codec-4.1.119.Final.jar;C:\Users\448928760\.m2\repository\io\netty\netty-handler\4.1.119.Final\netty-handler-4.1.119.Final.jar;C:\Users\448928760\.m2\repository\io\netty\netty-resolver\4.1.119.Final\netty-resolver-4.1.119.Final.jar;C:\Users\448928760\.m2\repository\io\netty\netty-transport-native-unix-common\4.1.119.Final\netty-transport-native-unix-common-4.1.119.Final.jar;C:\Users\448928760\.m2\repository\io\netty\netty-transport\4.1.119.Final\netty-transport-4.1.119.Final.jar;"/>
    <property name="java.vm.vendor" value="Eclipse OpenJ9"/>
    <property name="sun.arch.data.model" value="64"/>
    <property name="com.ibm.vm.bitmode" value="64"/>
    <property name="user.variant" value=""/>
    <property name="com.ibm.oti.vm.library.version" value="29"/>
    <property name="java.vendor.url" value="https://www.ibm.com/semeru-runtimes"/>
    <property name="user.timezone" value="Asia/Tokyo"/>
    <property name="org.jboss.logging.provider" value="slf4j"/>
    <property name="os.name" value="Windows 11"/>
    <property name="java.vm.specification.version" value="21"/>
    <property name="APPLICATION_NAME" value="google_hackathon"/>
    <property name="user.country" value="JP"/>
    <property name="sun.java.launcher" value="SUN_STANDARD"/>
    <property name="sun.boot.library.path" value="C:\Program Files\Java\jdk-21.0.2+13\bin\default;C:\Program Files\Java\jdk-21.0.2+13\bin"/>
    <property name="sun.java.command" value="C:\Users\448928760\AppData\Local\Temp\surefire5069380462301217786\surefirebooter-20250615154935694_3.jar C:\Users\448928760\AppData\Local\Temp\surefire5069380462301217786 2025-06-15T15-49-35_469-jvmRun1 surefire-20250615154935694_1tmp surefire_0-20250615154935694_2tmp"/>
    <property name="surefire.test.class.path" value="C:\googleHackathon\google_hackathon\google_hackathon_back\target\test-classes;C:\googleHackathon\google_hackathon\google_hackathon_back\target\classes;C:\Users\448928760\.m2\repository\org\springframework\boot\spring-boot-starter-actuator\3.4.5\spring-boot-starter-actuator-3.4.5.jar;C:\Users\448928760\.m2\repository\org\springframework\boot\spring-boot-actuator-autoconfigure\3.4.5\spring-boot-actuator-autoconfigure-3.4.5.jar;C:\Users\448928760\.m2\repository\org\springframework\boot\spring-boot-actuator\3.4.5\spring-boot-actuator-3.4.5.jar;C:\Users\448928760\.m2\repository\com\fasterxml\jackson\datatype\jackson-datatype-jsr310\2.18.3\jackson-datatype-jsr310-2.18.3.jar;C:\Users\448928760\.m2\repository\io\micrometer\micrometer-observation\1.14.6\micrometer-observation-1.14.6.jar;C:\Users\448928760\.m2\repository\io\micrometer\micrometer-commons\1.14.6\micrometer-commons-1.14.6.jar;C:\Users\448928760\.m2\repository\io\micrometer\micrometer-jakarta9\1.14.6\micrometer-jakarta9-1.14.6.jar;C:\Users\448928760\.m2\repository\io\micrometer\micrometer-core\1.14.6\micrometer-core-1.14.6.jar;C:\Users\448928760\.m2\repository\org\hdrhistogram\HdrHistogram\2.2.2\HdrHistogram-2.2.2.jar;C:\Users\448928760\.m2\repository\org\latencyutils\LatencyUtils\2.0.3\LatencyUtils-2.0.3.jar;C:\Users\448928760\.m2\repository\io\jsonwebtoken\jjwt-api\0.11.5\jjwt-api-0.11.5.jar;C:\Users\448928760\.m2\repository\io\jsonwebtoken\jjwt-impl\0.11.5\jjwt-impl-0.11.5.jar;C:\Users\448928760\.m2\repository\io\jsonwebtoken\jjwt-jackson\0.11.5\jjwt-jackson-0.11.5.jar;C:\Users\448928760\.m2\repository\org\springframework\boot\spring-boot-starter\3.4.5\spring-boot-starter-3.4.5.jar;C:\Users\448928760\.m2\repository\org\springframework\boot\spring-boot\3.4.5\spring-boot-3.4.5.jar;C:\Users\448928760\.m2\repository\org\springframework\boot\spring-boot-autoconfigure\3.4.5\spring-boot-autoconfigure-3.4.5.jar;C:\Users\448928760\.m2\repository\org\springframework\boot\spring-boot-starter-logging\3.4.5\spring-boot-starter-logging-3.4.5.jar;C:\Users\448928760\.m2\repository\ch\qos\logback\logback-classic\1.5.18\logback-classic-1.5.18.jar;C:\Users\448928760\.m2\repository\ch\qos\logback\logback-core\1.5.18\logback-core-1.5.18.jar;C:\Users\448928760\.m2\repository\org\apache\logging\log4j\log4j-to-slf4j\2.24.3\log4j-to-slf4j-2.24.3.jar;C:\Users\448928760\.m2\repository\org\apache\logging\log4j\log4j-api\2.24.3\log4j-api-2.24.3.jar;C:\Users\448928760\.m2\repository\org\slf4j\jul-to-slf4j\2.0.17\jul-to-slf4j-2.0.17.jar;C:\Users\448928760\.m2\repository\jakarta\annotation\jakarta.annotation-api\2.1.1\jakarta.annotation-api-2.1.1.jar;C:\Users\448928760\.m2\repository\org\springframework\spring-core\6.2.6\spring-core-6.2.6.jar;C:\Users\448928760\.m2\repository\org\springframework\spring-jcl\6.2.6\spring-jcl-6.2.6.jar;C:\Users\448928760\.m2\repository\org\yaml\snakeyaml\2.3\snakeyaml-2.3.jar;C:\Users\448928760\.m2\repository\org\springframework\boot\spring-boot-starter-web\3.4.5\spring-boot-starter-web-3.4.5.jar;C:\Users\448928760\.m2\repository\org\springframework\boot\spring-boot-starter-json\3.4.5\spring-boot-starter-json-3.4.5.jar;C:\Users\448928760\.m2\repository\com\fasterxml\jackson\datatype\jackson-datatype-jdk8\2.18.3\jackson-datatype-jdk8-2.18.3.jar;C:\Users\448928760\.m2\repository\com\fasterxml\jackson\module\jackson-module-parameter-names\2.18.3\jackson-module-parameter-names-2.18.3.jar;C:\Users\448928760\.m2\repository\org\springframework\boot\spring-boot-starter-tomcat\3.4.5\spring-boot-starter-tomcat-3.4.5.jar;C:\Users\448928760\.m2\repository\org\apache\tomcat\embed\tomcat-embed-core\10.1.40\tomcat-embed-core-10.1.40.jar;C:\Users\448928760\.m2\repository\org\apache\tomcat\embed\tomcat-embed-websocket\10.1.40\tomcat-embed-websocket-10.1.40.jar;C:\Users\448928760\.m2\repository\org\springframework\spring-web\6.2.6\spring-web-6.2.6.jar;C:\Users\448928760\.m2\repository\org\springframework\spring-webmvc\6.2.6\spring-webmvc-6.2.6.jar;C:\Users\448928760\.m2\repository\org\springframework\boot\spring-boot-starter-data-jpa\3.4.5\spring-boot-starter-data-jpa-3.4.5.jar;C:\Users\448928760\.m2\repository\org\springframework\boot\spring-boot-starter-jdbc\3.4.5\spring-boot-starter-jdbc-3.4.5.jar;C:\Users\448928760\.m2\repository\com\zaxxer\HikariCP\5.1.0\HikariCP-5.1.0.jar;C:\Users\448928760\.m2\repository\org\springframework\spring-jdbc\6.2.6\spring-jdbc-6.2.6.jar;C:\Users\448928760\.m2\repository\org\hibernate\orm\hibernate-core\6.6.13.Final\hibernate-core-6.6.13.Final.jar;C:\Users\448928760\.m2\repository\jakarta\persistence\jakarta.persistence-api\3.1.0\jakarta.persistence-api-3.1.0.jar;C:\Users\448928760\.m2\repository\jakarta\transaction\jakarta.transaction-api\2.0.1\jakarta.transaction-api-2.0.1.jar;C:\Users\448928760\.m2\repository\org\jboss\logging\jboss-logging\3.6.1.Final\jboss-logging-3.6.1.Final.jar;C:\Users\448928760\.m2\repository\org\hibernate\common\hibernate-commons-annotations\7.0.3.Final\hibernate-commons-annotations-7.0.3.Final.jar;C:\Users\448928760\.m2\repository\io\smallrye\jandex\3.2.0\jandex-3.2.0.jar;C:\Users\448928760\.m2\repository\com\fasterxml\classmate\1.7.0\classmate-1.7.0.jar;C:\Users\448928760\.m2\repository\net\bytebuddy\byte-buddy\1.15.11\byte-buddy-1.15.11.jar;C:\Users\448928760\.m2\repository\org\glassfish\jaxb\jaxb-runtime\4.0.5\jaxb-runtime-4.0.5.jar;C:\Users\448928760\.m2\repository\org\glassfish\jaxb\jaxb-core\4.0.5\jaxb-core-4.0.5.jar;C:\Users\448928760\.m2\repository\org\eclipse\angus\angus-activation\2.0.2\angus-activation-2.0.2.jar;C:\Users\448928760\.m2\repository\org\glassfish\jaxb\txw2\4.0.5\txw2-4.0.5.jar;C:\Users\448928760\.m2\repository\com\sun\istack\istack-commons-runtime\4.1.2\istack-commons-runtime-4.1.2.jar;C:\Users\448928760\.m2\repository\jakarta\inject\jakarta.inject-api\2.0.1\jakarta.inject-api-2.0.1.jar;C:\Users\448928760\.m2\repository\org\antlr\antlr4-runtime\4.13.0\antlr4-runtime-4.13.0.jar;C:\Users\448928760\.m2\repository\org\springframework\data\spring-data-jpa\3.4.5\spring-data-jpa-3.4.5.jar;C:\Users\448928760\.m2\repository\org\springframework\data\spring-data-commons\3.4.5\spring-data-commons-3.4.5.jar;C:\Users\448928760\.m2\repository\org\springframework\spring-orm\6.2.6\spring-orm-6.2.6.jar;C:\Users\448928760\.m2\repository\org\springframework\spring-tx\6.2.6\spring-tx-6.2.6.jar;C:\Users\448928760\.m2\repository\org\springframework\spring-aspects\6.2.6\spring-aspects-6.2.6.jar;C:\Users\448928760\.m2\repository\org\aspectj\aspectjweaver\1.9.24\aspectjweaver-1.9.24.jar;C:\Users\448928760\.m2\repository\com\google\cloud\sql\postgres-socket-factory\1.14.0\postgres-socket-factory-1.14.0.jar;C:\Users\448928760\.m2\repository\com\google\cloud\sql\jdbc-socket-factory-core\1.14.0\jdbc-socket-factory-core-1.14.0.jar;C:\Users\448928760\.m2\repository\com\github\jnr\jnr-unixsocket\0.38.20\jnr-unixsocket-0.38.20.jar;C:\Users\448928760\.m2\repository\com\github\jnr\jnr-ffi\2.2.14\jnr-ffi-2.2.14.jar;C:\Users\448928760\.m2\repository\com\github\jnr\jffi\1.3.11\jffi-1.3.11.jar;C:\Users\448928760\.m2\repository\com\github\jnr\jffi\1.3.11\jffi-1.3.11-native.jar;C:\Users\448928760\.m2\repository\org\ow2\asm\asm-commons\9.2\asm-commons-9.2.jar;C:\Users\448928760\.m2\repository\com\github\jnr\jnr-a64asm\1.0.0\jnr-a64asm-1.0.0.jar;C:\Users\448928760\.m2\repository\com\github\jnr\jnr-x86asm\1.0.2\jnr-x86asm-1.0.2.jar;C:\Users\448928760\.m2\repository\com\github\jnr\jnr-constants\0.10.4\jnr-constants-0.10.4.jar;C:\Users\448928760\.m2\repository\com\github\jnr\jnr-enxio\0.32.15\jnr-enxio-0.32.15.jar;C:\Users\448928760\.m2\repository\com\github\jnr\jnr-posix\3.1.17\jnr-posix-3.1.17.jar;C:\Users\448928760\.m2\repository\org\ow2\asm\asm-util\9.5\asm-util-9.5.jar;C:\Users\448928760\.m2\repository\org\ow2\asm\asm\9.5\asm-9.5.jar;C:\Users\448928760\.m2\repository\org\ow2\asm\asm-tree\9.5\asm-tree-9.5.jar;C:\Users\448928760\.m2\repository\org\ow2\asm\asm-analysis\9.5\asm-analysis-9.5.jar;C:\Users\448928760\.m2\repository\com\google\apis\google-api-services-sqladmin\v1beta4-rev20230831-2.0.0\google-api-services-sqladmin-v1beta4-rev20230831-2.0.0.jar;C:\Users\448928760\.m2\repository\com\google\oauth-client\google-oauth-client\1.34.1\google-oauth-client-1.34.1.jar;C:\Users\448928760\.m2\repository\com\google\guava\guava\32.1.2-android\guava-32.1.2-android.jar;C:\Users\448928760\.m2\repository\org\postgresql\postgresql\42.7.2\postgresql-42.7.2.jar;C:\Users\448928760\.m2\repository\org\checkerframework\checker-qual\3.42.0\checker-qual-3.42.0.jar;C:\Users\448928760\.m2\repository\org\springframework\boot\spring-boot-starter-test\3.4.5\spring-boot-starter-test-3.4.5.jar;C:\Users\448928760\.m2\repository\org\springframework\boot\spring-boot-test\3.4.5\spring-boot-test-3.4.5.jar;C:\Users\448928760\.m2\repository\org\springframework\boot\spring-boot-test-autoconfigure\3.4.5\spring-boot-test-autoconfigure-3.4.5.jar;C:\Users\448928760\.m2\repository\com\jayway\jsonpath\json-path\2.9.0\json-path-2.9.0.jar;C:\Users\448928760\.m2\repository\jakarta\xml\bind\jakarta.xml.bind-api\4.0.2\jakarta.xml.bind-api-4.0.2.jar;C:\Users\448928760\.m2\repository\jakarta\activation\jakarta.activation-api\2.1.3\jakarta.activation-api-2.1.3.jar;C:\Users\448928760\.m2\repository\net\minidev\json-smart\2.5.2\json-smart-2.5.2.jar;C:\Users\448928760\.m2\repository\net\minidev\accessors-smart\2.5.2\accessors-smart-2.5.2.jar;C:\Users\448928760\.m2\repository\org\assertj\assertj-core\3.26.3\assertj-core-3.26.3.jar;C:\Users\448928760\.m2\repository\org\awaitility\awaitility\4.2.2\awaitility-4.2.2.jar;C:\Users\448928760\.m2\repository\org\hamcrest\hamcrest\2.2\hamcrest-2.2.jar;C:\Users\448928760\.m2\repository\org\junit\jupiter\junit-jupiter\5.11.4\junit-jupiter-5.11.4.jar;C:\Users\448928760\.m2\repository\org\junit\jupiter\junit-jupiter-api\5.11.4\junit-jupiter-api-5.11.4.jar;C:\Users\448928760\.m2\repository\org\opentest4j\opentest4j\1.3.0\opentest4j-1.3.0.jar;C:\Users\448928760\.m2\repository\org\junit\platform\junit-platform-commons\1.11.4\junit-platform-commons-1.11.4.jar;C:\Users\448928760\.m2\repository\org\apiguardian\apiguardian-api\1.1.2\apiguardian-api-1.1.2.jar;C:\Users\448928760\.m2\repository\org\junit\jupiter\junit-jupiter-params\5.11.4\junit-jupiter-params-5.11.4.jar;C:\Users\448928760\.m2\repository\org\junit\jupiter\junit-jupiter-engine\5.11.4\junit-jupiter-engine-5.11.4.jar;C:\Users\448928760\.m2\repository\org\junit\platform\junit-platform-engine\1.11.4\junit-platform-engine-1.11.4.jar;C:\Users\448928760\.m2\repository\org\mockito\mockito-core\5.14.2\mockito-core-5.14.2.jar;C:\Users\448928760\.m2\repository\net\bytebuddy\byte-buddy-agent\1.15.11\byte-buddy-agent-1.15.11.jar;C:\Users\448928760\.m2\repository\org\objenesis\objenesis\3.3\objenesis-3.3.jar;C:\Users\448928760\.m2\repository\org\mockito\mockito-junit-jupiter\5.14.2\mockito-junit-jupiter-5.14.2.jar;C:\Users\448928760\.m2\repository\org\skyscreamer\jsonassert\1.5.3\jsonassert-1.5.3.jar;C:\Users\448928760\.m2\repository\com\vaadin\external\google\android-json\0.0.20131108.vaadin1\android-json-0.0.20131108.vaadin1.jar;C:\Users\448928760\.m2\repository\org\springframework\spring-test\6.2.6\spring-test-6.2.6.jar;C:\Users\448928760\.m2\repository\org\xmlunit\xmlunit-core\2.10.0\xmlunit-core-2.10.0.jar;C:\Users\448928760\.m2\repository\org\springframework\boot\spring-boot-starter-security\3.4.5\spring-boot-starter-security-3.4.5.jar;C:\Users\448928760\.m2\repository\org\springframework\spring-aop\6.2.6\spring-aop-6.2.6.jar;C:\Users\448928760\.m2\repository\org\springframework\security\spring-security-config\6.4.5\spring-security-config-6.4.5.jar;C:\Users\448928760\.m2\repository\org\springframework\security\spring-security-web\6.4.5\spring-security-web-6.4.5.jar;C:\Users\448928760\.m2\repository\org\projectlombok\lombok\1.18.38\lombok-1.18.38.jar;C:\Users\448928760\.m2\repository\org\springframework\boot\spring-boot-devtools\3.4.5\spring-boot-devtools-3.4.5.jar;C:\Users\448928760\.m2\repository\org\springframework\boot\spring-boot-starter-validation\3.4.5\spring-boot-starter-validation-3.4.5.jar;C:\Users\448928760\.m2\repository\org\apache\tomcat\embed\tomcat-embed-el\10.1.40\tomcat-embed-el-10.1.40.jar;C:\Users\448928760\.m2\repository\org\hibernate\validator\hibernate-validator\8.0.2.Final\hibernate-validator-8.0.2.Final.jar;C:\Users\448928760\.m2\repository\jakarta\validation\jakarta.validation-api\3.0.2\jakarta.validation-api-3.0.2.jar;C:\Users\448928760\.m2\repository\com\fasterxml\jackson\core\jackson-databind\2.18.3\jackson-databind-2.18.3.jar;C:\Users\448928760\.m2\repository\com\fasterxml\jackson\core\jackson-annotations\2.18.3\jackson-annotations-2.18.3.jar;C:\Users\448928760\.m2\repository\com\fasterxml\jackson\core\jackson-core\2.18.3\jackson-core-2.18.3.jar;C:\Users\448928760\.m2\repository\org\springframework\boot\spring-boot-starter-websocket\3.4.5\spring-boot-starter-websocket-3.4.5.jar;C:\Users\448928760\.m2\repository\org\springframework\spring-messaging\6.2.6\spring-messaging-6.2.6.jar;C:\Users\448928760\.m2\repository\org\springframework\spring-websocket\6.2.6\spring-websocket-6.2.6.jar;C:\Users\448928760\.m2\repository\org\springframework\security\spring-security-messaging\6.4.5\spring-security-messaging-6.4.5.jar;C:\Users\448928760\.m2\repository\org\springframework\security\spring-security-core\6.4.5\spring-security-core-6.4.5.jar;C:\Users\448928760\.m2\repository\org\springframework\security\spring-security-crypto\6.4.5\spring-security-crypto-6.4.5.jar;C:\Users\448928760\.m2\repository\org\springframework\spring-beans\6.2.6\spring-beans-6.2.6.jar;C:\Users\448928760\.m2\repository\org\springframework\spring-context\6.2.6\spring-context-6.2.6.jar;C:\Users\448928760\.m2\repository\org\springframework\spring-expression\6.2.6\spring-expression-6.2.6.jar;C:\Users\448928760\.m2\repository\com\google\cloud\google-cloud-firestore\3.16.0\google-cloud-firestore-3.16.0.jar;C:\Users\448928760\.m2\repository\com\google\cloud\google-cloud-core-grpc\2.29.0\google-cloud-core-grpc-2.29.0.jar;C:\Users\448928760\.m2\repository\com\google\http-client\google-http-client\1.43.3\google-http-client-1.43.3.jar;C:\Users\448928760\.m2\repository\org\apache\httpcomponents\httpclient\4.5.14\httpclient-4.5.14.jar;C:\Users\448928760\.m2\repository\commons-logging\commons-logging\1.2\commons-logging-1.2.jar;C:\Users\448928760\.m2\repository\commons-codec\commons-codec\1.17.2\commons-codec-1.17.2.jar;C:\Users\448928760\.m2\repository\org\apache\httpcomponents\httpcore\4.4.16\httpcore-4.4.16.jar;C:\Users\448928760\.m2\repository\io\opencensus\opencensus-contrib-http-util\0.31.1\opencensus-contrib-http-util-0.31.1.jar;C:\Users\448928760\.m2\repository\com\google\errorprone\error_prone_annotations\2.23.0\error_prone_annotations-2.23.0.jar;C:\Users\448928760\.m2\repository\com\google\api\grpc\proto-google-cloud-firestore-v1\3.16.0\proto-google-cloud-firestore-v1-3.16.0.jar;C:\Users\448928760\.m2\repository\com\google\cloud\proto-google-cloud-firestore-bundle-v1\3.16.0\proto-google-cloud-firestore-bundle-v1-3.16.0.jar;C:\Users\448928760\.m2\repository\com\google\auto\value\auto-value-annotations\1.10.4\auto-value-annotations-1.10.4.jar;C:\Users\448928760\.m2\repository\io\opencensus\opencensus-contrib-grpc-util\0.31.1\opencensus-contrib-grpc-util-0.31.1.jar;C:\Users\448928760\.m2\repository\io\grpc\grpc-core\1.60.0\grpc-core-1.60.0.jar;C:\Users\448928760\.m2\repository\com\google\android\annotations\4.1.1.4\annotations-4.1.1.4.jar;C:\Users\448928760\.m2\repository\org\codehaus\mojo\animal-sniffer-annotations\1.23\animal-sniffer-annotations-1.23.jar;C:\Users\448928760\.m2\repository\io\perfmark\perfmark-api\0.26.0\perfmark-api-0.26.0.jar;C:\Users\448928760\.m2\repository\io\grpc\grpc-util\1.60.0\grpc-util-1.60.0.jar;C:\Users\448928760\.m2\repository\com\google\code\findbugs\jsr305\3.0.2\jsr305-3.0.2.jar;C:\Users\448928760\.m2\repository\com\google\api\api-common\2.22.0\api-common-2.22.0.jar;C:\Users\448928760\.m2\repository\io\grpc\grpc-protobuf\1.60.0\grpc-protobuf-1.60.0.jar;C:\Users\448928760\.m2\repository\io\grpc\grpc-protobuf-lite\1.60.0\grpc-protobuf-lite-1.60.0.jar;C:\Users\448928760\.m2\repository\com\google\protobuf\protobuf-java\3.25.1\protobuf-java-3.25.1.jar;C:\Users\448928760\.m2\repository\com\google\api\grpc\proto-google-common-protos\2.30.0\proto-google-common-protos-2.30.0.jar;C:\Users\448928760\.m2\repository\com\google\api\gax\2.39.0\gax-2.39.0.jar;C:\Users\448928760\.m2\repository\com\google\auth\google-auth-library-oauth2-http\1.21.0\google-auth-library-oauth2-http-1.21.0.jar;C:\Users\448928760\.m2\repository\io\grpc\grpc-api\1.60.0\grpc-api-1.60.0.jar;C:\Users\448928760\.m2\repository\com\google\api\gax-grpc\2.39.0\gax-grpc-2.39.0.jar;C:\Users\448928760\.m2\repository\io\grpc\grpc-inprocess\1.60.0\grpc-inprocess-1.60.0.jar;C:\Users\448928760\.m2\repository\io\grpc\grpc-alts\1.60.0\grpc-alts-1.60.0.jar;C:\Users\448928760\.m2\repository\io\grpc\grpc-grpclb\1.60.0\grpc-grpclb-1.60.0.jar;C:\Users\448928760\.m2\repository\org\conscrypt\conscrypt-openjdk-uber\2.5.2\conscrypt-openjdk-uber-2.5.2.jar;C:\Users\448928760\.m2\repository\io\grpc\grpc-auth\1.60.0\grpc-auth-1.60.0.jar;C:\Users\448928760\.m2\repository\io\grpc\grpc-netty-shaded\1.60.0\grpc-netty-shaded-1.60.0.jar;C:\Users\448928760\.m2\repository\io\grpc\grpc-googleapis\1.60.0\grpc-googleapis-1.60.0.jar;C:\Users\448928760\.m2\repository\io\grpc\grpc-xds\1.60.0\grpc-xds-1.60.0.jar;C:\Users\448928760\.m2\repository\io\opencensus\opencensus-proto\0.2.0\opencensus-proto-0.2.0.jar;C:\Users\448928760\.m2\repository\io\grpc\grpc-services\1.60.0\grpc-services-1.60.0.jar;C:\Users\448928760\.m2\repository\com\google\re2j\re2j\1.7\re2j-1.7.jar;C:\Users\448928760\.m2\repository\com\google\api\gax-httpjson\2.39.0\gax-httpjson-2.39.0.jar;C:\Users\448928760\.m2\repository\com\google\http-client\google-http-client-gson\1.43.3\google-http-client-gson-1.43.3.jar;C:\Users\448928760\.m2\repository\com\google\guava\failureaccess\1.0.1\failureaccess-1.0.1.jar;C:\Users\448928760\.m2\repository\com\google\guava\listenablefuture\9999.0-empty-to-avoid-conflict-with-guava\listenablefuture-9999.0-empty-to-avoid-conflict-with-guava.jar;C:\Users\448928760\.m2\repository\com\google\j2objc\j2objc-annotations\2.8\j2objc-annotations-2.8.jar;C:\Users\448928760\.m2\repository\org\threeten\threetenbp\1.6.8\threetenbp-1.6.8.jar;C:\Users\448928760\.m2\repository\io\grpc\grpc-stub\1.60.0\grpc-stub-1.60.0.jar;C:\Users\448928760\.m2\repository\io\opencensus\opencensus-api\0.31.1\opencensus-api-0.31.1.jar;C:\Users\448928760\.m2\repository\io\grpc\grpc-context\1.60.0\grpc-context-1.60.0.jar;C:\Users\448928760\.m2\repository\com\google\auth\google-auth-library-credentials\1.21.0\google-auth-library-credentials-1.21.0.jar;C:\Users\448928760\.m2\repository\com\google\cloud\google-cloud-core\2.29.0\google-cloud-core-2.29.0.jar;C:\Users\448928760\.m2\repository\com\google\api\grpc\proto-google-iam-v1\1.25.0\proto-google-iam-v1-1.25.0.jar;C:\Users\448928760\.m2\repository\com\google\protobuf\protobuf-java-util\3.25.1\protobuf-java-util-3.25.1.jar;C:\Users\448928760\.m2\repository\javax\annotation\javax.annotation-api\1.3.2\javax.annotation-api-1.3.2.jar;C:\Users\448928760\.m2\repository\com\google\code\gson\gson\2.10.1\gson-2.10.1.jar;C:\Users\448928760\.m2\repository\com\google\firebase\firebase-admin\9.2.0\firebase-admin-9.2.0.jar;C:\Users\448928760\.m2\repository\com\google\api-client\google-api-client\2.2.0\google-api-client-2.2.0.jar;C:\Users\448928760\.m2\repository\com\google\http-client\google-http-client-apache-v2\1.42.3\google-http-client-apache-v2-1.42.3.jar;C:\Users\448928760\.m2\repository\com\google\api-client\google-api-client-gson\2.2.0\google-api-client-gson-2.2.0.jar;C:\Users\448928760\.m2\repository\com\google\cloud\google-cloud-storage\2.22.4\google-cloud-storage-2.22.4.jar;C:\Users\448928760\.m2\repository\com\google\http-client\google-http-client-jackson2\1.43.1\google-http-client-jackson2-1.43.1.jar;C:\Users\448928760\.m2\repository\com\google\apis\google-api-services-storage\v1-rev20230301-2.0.0\google-api-services-storage-v1-rev20230301-2.0.0.jar;C:\Users\448928760\.m2\repository\com\google\cloud\google-cloud-core-http\2.19.0\google-cloud-core-http-2.19.0.jar;C:\Users\448928760\.m2\repository\com\google\http-client\google-http-client-appengine\1.43.1\google-http-client-appengine-1.43.1.jar;C:\Users\448928760\.m2\repository\com\google\api\grpc\proto-google-cloud-storage-v2\2.22.4-alpha\proto-google-cloud-storage-v2-2.22.4-alpha.jar;C:\Users\448928760\.m2\repository\com\google\api\grpc\grpc-google-cloud-storage-v2\2.22.4-alpha\grpc-google-cloud-storage-v2-2.22.4-alpha.jar;C:\Users\448928760\.m2\repository\com\google\api\grpc\gapic-google-cloud-storage-v2\2.22.4-alpha\gapic-google-cloud-storage-v2-2.22.4-alpha.jar;C:\Users\448928760\.m2\repository\io\grpc\grpc-rls\1.55.1\grpc-rls-1.55.1.jar;C:\Users\448928760\.m2\repository\org\slf4j\slf4j-api\2.0.17\slf4j-api-2.0.17.jar;C:\Users\448928760\.m2\repository\io\netty\netty-codec-http\4.1.119.Final\netty-codec-http-4.1.119.Final.jar;C:\Users\448928760\.m2\repository\io\netty\netty-common\4.1.119.Final\netty-common-4.1.119.Final.jar;C:\Users\448928760\.m2\repository\io\netty\netty-buffer\4.1.119.Final\netty-buffer-4.1.119.Final.jar;C:\Users\448928760\.m2\repository\io\netty\netty-codec\4.1.119.Final\netty-codec-4.1.119.Final.jar;C:\Users\448928760\.m2\repository\io\netty\netty-handler\4.1.119.Final\netty-handler-4.1.119.Final.jar;C:\Users\448928760\.m2\repository\io\netty\netty-resolver\4.1.119.Final\netty-resolver-4.1.119.Final.jar;C:\Users\448928760\.m2\repository\io\netty\netty-transport-native-unix-common\4.1.119.Final\netty-transport-native-unix-common-4.1.119.Final.jar;C:\Users\448928760\.m2\repository\io\netty\netty-transport\4.1.119.Final\netty-transport-4.1.119.Final.jar;"/>
    <property name="sun.cpu.endian" value="little"/>
    <property name="user.home" value="C:\Users\448928760"/>
    <property name="user.language" value="ja"/>
    <property name="java.specification.vendor" value="Oracle Corporation"/>
    <property name="java.version.date" value="2024-01-16"/>
    <property name="java.home" value="C:\Program Files\Java\jdk-21.0.2+13"/>
    <property name="ibm.signalhandling.rs" value="false"/>
    <property name="openjdk.methodhandles" value="true"/>
    <property name="file.separator" value="\"/>
    <property name="jdk.extensions.name" value="Extensions for OpenJDK for Eclipse OpenJ9"/>
    <property name="basedir" value="C:\googleHackathon\google_hackathon\google_hackathon_back"/>
    <property name="line.separator" value="&#10;"/>
    <property name="java.specification.name" value="Java Platform API Specification"/>
    <property name="java.vm.specification.vendor" value="Oracle Corporation"/>
    <property name="FILE_LOG_CHARSET" value="UTF-8"/>
    <property name="com.ibm.util.extralibs.properties" value=""/>
    <property name="java.awt.graphicsenv" value="sun.awt.Win32GraphicsEnvironment"/>
    <property name="java.awt.headless" value="true"/>
    <property name="com.ibm.oti.configuration" value="scar"/>
    <property name="java.awt.fonts" value=""/>
    <property name="surefire.real.class.path" value="C:\Users\448928760\AppData\Local\Temp\surefire5069380462301217786\surefirebooter-20250615154935694_3.jar"/>
    <property name="com.ibm.oti.shared.enabled" value="false"/>
    <property name="com.ibm.oti.vm.bootstrap.library.path" value="C:\Program Files\Java\jdk-21.0.2+13\bin\default;C:\Program Files\Java\jdk-21.0.2+13\bin"/>
    <property name="com.ibm.cpu.endian" value="little"/>
    <property name="java.fullversion" value="21.0.2+13-LTS&#10;JRE 21 Windows 11 amd64-64-Bit Compressed References 20240116_95 (JIT enabled, AOT enabled)&#10;OpenJ9   - 2c3d78b48&#10;OMR      - ea8124dbc&#10;JCL      - 78c4500a434 based on jdk-21.0.2+13"/>
    <property name="java.runtime.version" value="21.0.2+13-LTS"/>
    <property name="user.name" value="YudaiFujieda"/>
    <property name="stdout.encoding" value="windows-31j"/>
    <property name="path.separator" value=";"/>
    <property name="os.version" value="10.0"/>
    <property name="java.runtime.name" value="IBM Semeru Runtime Open Edition"/>
    <property name="ibm.signalhandling.sigint" value="true"/>
    <property name="file.encoding" value="UTF-8"/>
    <property name="openj9.compiler" value="j9jit29"/>
    <property name="java.vm.name" value="Eclipse OpenJ9 VM"/>
    <property name="java.vendor.version" value="21.0.2.0"/>
    <property name="ibm.signalhandling.sigchain" value="true"/>
    <property name="localRepository" value="C:\Users\448928760\.m2\repository"/>
    <property name="java.vendor.url.bug" value="https://github.com/ibmruntimes/Semeru-Runtimes/issues"/>
    <property name="java.io.tmpdir" value="C:\Users\448928~1\AppData\Local\Temp\"/>
    <property name="com.zaxxer.hikari.pool_number" value="1"/>
    <property name="java.version" value="21.0.2"/>
    <property name="com.ibm.system.agent.path" value="C:\Program Files\Java\jdk-21.0.2+13\bin"/>
    <property name="user.dir" value="C:\googleHackathon\google_hackathon\google_hackathon_back"/>
    <property name="os.arch" value="amd64"/>
    <property name="java.vm.specification.name" value="Java Virtual Machine Specification"/>
    <property name="PID" value="23888"/>
    <property name="java.awt.printerjob" value="sun.awt.windows.WPrinterJob"/>
    <property name="os.encoding" value="UTF-8"/>
    <property name="CONSOLE_LOG_CHARSET" value="UTF-8"/>
    <property name="native.encoding" value="MS932"/>
    <property name="java.library.path" value="C:\Program Files\Java\jdk-21.0.2+13\bin\default;C:\Program Files\Java\jdk-21.0.2+13\bin;C:\WINDOWS\system32;C:\WINDOWS;C:\Program Files\Java\jdk-21.0.2+13\bin;C:\Python311\Scripts\;C:\Python311\;C:\Program Files\Common Files\Oracle\Java\javapath;C:\ForDevelop\Adoptium\OpenJDK17U-jdk_x64_windows_hotspot_17.0.9_9.msi\bin;C:\WINDOWS\system32;C:\WINDOWS;C:\WINDOWS\System32\Wbem;C:\WINDOWS\System32\WindowsPowerShell\v1.0\;C:\WINDOWS\System32\OpenSSH\;C:\Program Files\Git\cmd;C:\Program Files\Amazon\AWSCLIV2\;C:\Program Files\nodejs\;C:\ProgramData\chocolatey\bin;C:\Program Files\apache-maven-3.9.9\bin;C:\Python311\;C:\Python311\Scripts\;C:\Users\448928760\AppData\Local\Programs\Python\Python313\Scripts\;C:\Users\448928760\AppData\Local\Programs\Python\Python313\;C:\Users\448928760\AppData\Local\Programs\Python\Launcher\;C:\Users\448928760\AppData\Local\Microsoft\WindowsApps;C:\Program Files\IBM\Cloud\bin;C:\Users\448928760\AppData\Local\Programs\Microsoft VS Code\bin;C:\Users\448928760\AppData\Local\JetBrains\Toolbox\scripts;C:\Users\448928760\AppData\Roaming\npm;C:\ProgramData\mingw64\mingw64\bin;C:\Program Files\Docker Toolbox;C:\Gradle\gradle-8.12.1-bin\gradle-8.12.1\bin;;."/>
    <property name="java.vendor" value="IBM Corporation"/>
    <property name="java.vm.info" value="JRE 21 Windows 11 amd64-64-Bit Compressed References 20240116_95 (JIT enabled, AOT enabled)&#10;OpenJ9   - 2c3d78b48&#10;OMR      - ea8124dbc&#10;JCL      - 78c4500a434 based on jdk-21.0.2+13"/>
    <property name="stderr.encoding" value="windows-31j"/>
    <property name="java.vm.version" value="openj9-0.43.0"/>
    <property name="com.ibm.jcl.checkClassPath" value=""/>
    <property name="ibm.system.encoding" value="MS932"/>
    <property name="java.lang.invoke.VarHandle.VAR_HANDLE_GUARDS" value="false"/>
    <property name="sun.io.unicode.encoding" value="UnicodeLittle"/>
    <property name="java.class.version" value="65.0"/>
    <property name="LOGGED_APPLICATION_NAME" value="[google_hackathon] "/>
  </properties>
  <testcase name="contextLoads" classname="com.example.google.google_hackathon.GoogleHackathonApplicationTests" time="2.539">
    <system-out><![CDATA[15:49:37.687 [main] INFO org.springframework.test.context.support.AnnotationConfigContextLoaderUtils -- Could not detect default configuration classes for test class [com.example.google.google_hackathon.GoogleHackathonApplicationTests]: GoogleHackathonApplicationTests does not declare any static, non-private, non-final, nested classes annotated with @Configuration.
15:49:37.896 [main] INFO org.springframework.boot.test.context.SpringBootTestContextBootstrapper -- Found @SpringBootConfiguration com.example.google.google_hackathon.GoogleHackathonApplication for test class com.example.google.google_hackathon.GoogleHackathonApplicationTests
15:49:38.187 [main] INFO org.springframework.boot.devtools.restart.RestartApplicationListener -- Restart disabled due to context in which it is running

  .   ____          _            __ _ _
 /\\ / ___'_ __ _ _(_)_ __  __ _ \ \ \ \
( ( )\___ | '_ | '_| | '_ \/ _` | \ \ \ \
 \\/  ___)| |_)| | | | | || (_| |  ) ) ) )
  '  |____| .__|_| |_|_| |_\__, | / / / /
 =========|_|==============|___/=/_/_/_/

 :: Spring Boot ::                (v3.4.5)

2025-06-15T15:49:38.722+09:00  INFO 23888 --- [google_hackathon] [           main] c.e.g.g.GoogleHackathonApplicationTests  : Starting GoogleHackathonApplicationTests using Java 21.0.2 with PID 23888 (started by YudaiFujieda in C:\googleHackathon\google_hackathon\google_hackathon_back)
2025-06-15T15:49:38.736+09:00  INFO 23888 --- [google_hackathon] [           main] c.e.g.g.GoogleHackathonApplicationTests  : No active profile set, falling back to 1 default profile: "default"
2025-06-15T15:49:41.800+09:00  INFO 23888 --- [google_hackathon] [           main] .s.d.r.c.RepositoryConfigurationDelegate : Bootstrapping Spring Data JPA repositories in DEFAULT mode.
2025-06-15T15:49:42.013+09:00  INFO 23888 --- [google_hackathon] [           main] .s.d.r.c.RepositoryConfigurationDelegate : Finished Spring Data repository scanning in 172 ms. Found 4 JPA repository interfaces.
2025-06-15T15:49:44.267+09:00  INFO 23888 --- [google_hackathon] [           main] com.zaxxer.hikari.HikariDataSource       : HikariPool-1 - Starting...
2025-06-15T15:49:44.326+09:00  INFO 23888 --- [google_hackathon] [           main] c.g.cloud.sql.core.CoreSocketFactory     : First Cloud SQL connection, generating RSA key pair.
2025-06-15T15:49:48.134+09:00  INFO 23888 --- [google_hackathon] [           main] com.zaxxer.hikari.pool.HikariPool        : HikariPool-1 - Added connection org.postgresql.jdbc.PgConnection@d7aee7a
2025-06-15T15:49:48.134+09:00  INFO 23888 --- [google_hackathon] [           main] com.zaxxer.hikari.HikariDataSource       : HikariPool-1 - Start completed.
2025-06-15T15:49:48.218+09:00  INFO 23888 --- [google_hackathon] [           main] o.hibernate.jpa.internal.util.LogHelper  : HHH000204: Processing PersistenceUnitInfo [name: default]
2025-06-15T15:49:48.355+09:00  INFO 23888 --- [google_hackathon] [           main] org.hibernate.Version                    : HHH000412: Hibernate ORM core version 6.6.13.Final
2025-06-15T15:49:48.419+09:00  INFO 23888 --- [google_hackathon] [           main] o.h.c.internal.RegionFactoryInitiator    : HHH000026: Second-level cache disabled
2025-06-15T15:49:48.920+09:00  INFO 23888 --- [google_hackathon] [           main] o.s.o.j.p.SpringPersistenceUnitInfo      : No LoadTimeWeaver setup: ignoring JPA class transformer
2025-06-15T15:49:49.385+09:00  WARN 23888 --- [google_hackathon] [           main] org.hibernate.orm.deprecation            : HHH90000025: PostgreSQLDialect does not need to be specified explicitly using 'hibernate.dialect' (remove the property setting and it will be selected by default)
2025-06-15T15:49:49.733+09:00  INFO 23888 --- [google_hackathon] [           main] org.hibernate.orm.connections.pooling    : HHH10001005: Database info:
	Database JDBC URL [Connecting through datasource 'HikariDataSource (HikariPool-1)']
	Database driver: undefined/unknown
	Database version: 17.5
	Autocommit mode: undefined/unknown
	Isolation level: undefined/unknown
	Minimum pool size: undefined/unknown
	Maximum pool size: undefined/unknown
2025-06-15T15:49:52.235+09:00  INFO 23888 --- [google_hackathon] [           main] o.h.e.t.j.p.i.JtaPlatformInitiator       : HHH000489: No JTA platform available (set 'hibernate.transaction.jta.platform' to enable JTA platform integration)
2025-06-15T15:49:52.235+09:00  INFO 23888 --- [google_hackathon] [           main] j.LocalContainerEntityManagerFactoryBean : Initialized JPA EntityManagerFactory for persistence unit 'default'
PasswordEncoder Bean initialized
2025-06-15T15:49:53.117+09:00  INFO 23888 --- [google_hackathon] [           main] r$InitializeUserDetailsManagerConfigurer : Global AuthenticationManager configured with UserDetailsService bean with name customUserDetailsService
2025-06-15T15:49:53.333+09:00  WARN 23888 --- [google_hackathon] [           main] JpaBaseConfiguration$JpaWebConfiguration : spring.jpa.open-in-view is enabled by default. Therefore, database queries may be performed during view rendering. Explicitly configure spring.jpa.open-in-view to disable this warning
2025-06-15T15:49:53.666+09:00  INFO 23888 --- [google_hackathon] [           main] o.s.b.a.w.s.WelcomePageHandlerMapping    : Adding welcome page: class path resource [static/index.html]
2025-06-15T15:49:54.099+09:00  INFO 23888 --- [google_hackathon] [           main] o.s.b.a.e.web.EndpointLinksResolver      : Exposing 1 endpoint beneath base path '/actuator'
2025-06-15T15:49:54.325+09:00 DEBUG 23888 --- [google_hackathon] [           main] o.s.s.web.DefaultSecurityFilterChain     : Will secure any request with filters: DisableEncodeUrlFilter, WebAsyncManagerIntegrationFilter, SecurityContextHolderFilter, HeaderWriterFilter, CorsFilter, LogoutFilter, JwtAuthenticationFilter, RequestCacheAwareFilter, SecurityContextHolderAwareRequestFilter, AnonymousAuthenticationFilter, SessionManagementFilter, ExceptionTranslationFilter, AuthorizationFilter
2025-06-15T15:49:55.479+09:00  INFO 23888 --- [google_hackathon] [           main] o.s.m.s.b.SimpleBrokerMessageHandler     : Starting...
2025-06-15T15:49:55.480+09:00  INFO 23888 --- [google_hackathon] [           main] o.s.m.s.b.SimpleBrokerMessageHandler     : BrokerAvailabilityEvent[available=true, SimpleBrokerMessageHandler [org.springframework.messaging.simp.broker.DefaultSubscriptionRegistry@9e9a6442]]
2025-06-15T15:49:55.482+09:00  INFO 23888 --- [google_hackathon] [           main] o.s.m.s.b.SimpleBrokerMessageHandler     : Started.
2025-06-15T15:49:55.504+09:00  INFO 23888 --- [google_hackathon] [           main] c.e.g.g.GoogleHackathonApplicationTests  : Started GoogleHackathonApplicationTests in 17.336 seconds (process running for 19.069)
]]></system-out>
    <system-err><![CDATA[Mockito is currently self-attaching to enable the inline-mock-maker. This will no longer work in future releases of the JDK. Please add Mockito as an agent to your build what is described in Mockito's documentation: https://javadoc.io/doc/org.mockito/mockito-core/latest/org/mockito/Mockito.html#0.3
WARNING: A Java agent has been loaded dynamically (C:\Users\448928760\.m2\repository\net\bytebuddy\byte-buddy-agent\1.15.11\byte-buddy-agent-1.15.11.jar)
WARNING: If a serviceability tool is in use, please run with -XX:+EnableDynamicAgentLoading to hide this warning
WARNING: If a serviceability tool is not in use, please run with -Djdk.instrument.traceUsage for more information
WARNING: Dynamic loading of agents will be disallowed by default in a future release
]]></system-err>
  </testcase>
</testsuite>